\BOOKMARK [0][-]{dummy.1}{\376\377\000A\000b\000s\000t\000r\000a\000c\000t}{}% 1
\BOOKMARK [0][-]{dummy.2}{\376\377\000A\000c\000k\000n\000o\000w\000l\000e\000d\000g\000m\000e\000n\000t\000s}{}% 2
\BOOKMARK [0][-]{dummy.4}{\376\377\000L\000i\000s\000t\000\040\000o\000f\000\040\000F\000i\000g\000u\000r\000e\000s}{}% 3
\BOOKMARK [0][-]{chapter.6}{\376\377\0001\000\040\000I\000n\000t\000r\000o\000d\000u\000c\000t\000i\000o\000n}{}% 4
\BOOKMARK [1][-]{section.7}{\376\377\0001\000.\0001\000\040\000a\000\040\000c\000u\000s\000t\000o\000m\000\040\000a\000e\000s\000t\000h\000e\000t\000i\000c}{chapter.6}% 5
\BOOKMARK [1][-]{section.8}{\376\377\0001\000.\0002\000\040\000M\000o\000t\000i\000v\000a\000t\000i\000o\000n}{chapter.6}% 6
\BOOKMARK [1][-]{section.9}{\376\377\0001\000.\0003\000\040\000S\000c\000o\000p\000e\000\040\000a\000n\000d\000\040\000s\000t\000r\000u\000c\000t\000u\000r\000e}{chapter.6}% 7
\BOOKMARK [1][-]{section.10}{\376\377\0001\000.\0004\000\040\000R\000e\000t\000r\000o\000s\000p\000e\000c\000t\000i\000v\000e}{chapter.6}% 8
\BOOKMARK [-1][]{part.11}{\376\377\000I\000\040\000P\000a\000s\000t}{}% 9
\BOOKMARK [0][-]{chapter.12}{\376\377\0002\000\040\000E\000x\000p\000e\000r\000i\000m\000e\000n\000t\000a\000l\000\040\000e\000l\000e\000c\000t\000r\000o\000n\000i\000c\000\040\000s\000y\000s\000t\000e\000m\000s\000\040\000i\000n\000\040\000t\000h\000e\000\040\000m\000u\000s\000i\000c\000a\000l\000\040\000a\000r\000t\000s\000:\000\040\000d\000e\000s\000i\000g\000n\000\040\000c\000o\000n\000c\000e\000p\000t\000s\000\040\000a\000n\000d\000\040\000h\000i\000s\000t\000o\000r\000y}{part.11}% 10
\BOOKMARK [1][-]{section.13}{\376\377\0002\000.\0001\000\040\000A\000n\000\040\000o\000r\000g\000a\000n\000o\000l\000o\000g\000y\000\040\000o\000f\000\040\000e\000l\000e\000c\000t\000r\000o\000n\000i\000c\000\040\000i\000n\000s\000t\000r\000u\000m\000e\000n\000t\000s\000?}{chapter.12}% 11
\BOOKMARK [1][-]{section.14}{\376\377\0002\000.\0002\000\040\000C\000i\000r\000c\000u\000i\000t\000\040\000d\000e\000s\000i\000g\000n\000.\000\040\000i\000n\000n\000o\000v\000a\000t\000i\000o\000n\000\040\000a\000t\000\040\000m\000u\000l\000t\000i\000p\000l\000e\000\040\000l\000e\000v\000e\000l\000s\000:\000\040\000c\000o\000m\000p\000o\000n\000e\000n\000t\000,\000\040\000s\000y\000s\000t\000e\000m\000,\000\040\000i\000n\000t\000e\000r\000a\000c\000t\000i\000o\000n}{chapter.12}% 12
\BOOKMARK [1][-]{section.17}{\376\377\0002\000.\0003\000\040\000E\000l\000e\000c\000t\000r\000o\000n\000i\000c\000\040\000m\000u\000s\000i\000c\000\040\000a\000s\000\040\000i\000n\000v\000e\000n\000t\000i\000o\000n}{chapter.12}% 13
\BOOKMARK [2][-]{section*.18}{\376\377\000T\000h\000o\000m\000a\000s\000\040\000E\000d\000i\000s\000o\000n}{section.17}% 14
\BOOKMARK [3][-]{figure.caption.19}{\376\377\000C\000.\000G\000.\000\040\000P\000a\000g\000e}{section.17}% 15
\BOOKMARK [4][-]{section*.20}{\376\377\000E\000l\000i\000s\000h\000a\000\040\000G\000r\000a\000y}{figure.caption.19}% 16
\BOOKMARK [4][-]{figure.caption.21}{\376\377\000W\000i\000l\000l\000i\000a\000m\000\040\000D\000u\000d\000e\000l\000l}{figure.caption.19}% 17
\BOOKMARK [4][-]{figure.caption.22}{\376\377\000T\000h\000a\000d\000d\000e\000u\000s\000\040\000C\000a\000h\000i\000l\000l}{figure.caption.19}% 18
\BOOKMARK [1][-]{section.24}{\376\377\0002\000.\0004\000\040\000E\000l\000e\000c\000t\000r\000o\000n\000i\000c\000\040\000m\000u\000s\000i\000c\000\040\000a\000s\000\040\000a\000n\000\040\000i\000n\000s\000t\000i\000t\000u\000t\000i\000o\000n}{chapter.12}% 19
\BOOKMARK [2][-]{figure.caption.27}{\376\377\000H\000u\000g\000h\000\040\000L\000e\000\040\000C\000a\000i\000n\000e}{section.24}% 20
\BOOKMARK [3][-]{figure.caption.28}{\376\377\000R\000a\000y\000m\000o\000n\000d\000\040\000S\000c\000o\000t\000t}{figure.caption.27}% 21
\BOOKMARK [4][-]{figure.caption.29}{\376\377\000L\000o\000u\000i\000s\000\040\000a\000n\000d\000\040\000B\000\351\000b\000\351\000\040\000B\000a\000r\000r\000o\000n}{figure.caption.28}% 22
\BOOKMARK [1][-]{section.31}{\376\377\0002\000.\0005\000\040\000e\000l\000e\000c\000t\000r\000o\000n\000i\000c\000\040\000m\000u\000s\000i\000c\000\040\000a\000s\000\040\000a\000\040\000l\000i\000v\000i\000n\000g\000\040\000s\000y\000s\000t\000e\000m}{chapter.12}% 23
\BOOKMARK [2][-]{subsection.32}{\376\377\0002\000.\0005\000.\0001\000\040\000T\000u\000d\000o\000r\000\040\000a\000n\000d\000\040\000C\000a\000g\000e\000:\000\040\000e\000l\000e\000c\000t\000r\000o\000n\000i\000c\000s\000\040\000s\000p\000e\000a\000k\000\040\000f\000o\000r\000\040\000t\000h\000e\000m\000s\000e\000l\000v\000e\000s}{section.31}% 24
\BOOKMARK [2][-]{subsection.38}{\376\377\0002\000.\0005\000.\0002\000\040\000T\000h\000e\000\040\000r\000i\000s\000e\000\040\000o\000f\000\040\000v\000o\000l\000t\000a\000g\000e\000\040\000c\000o\000n\000t\000r\000o\000l}{section.31}% 25
\BOOKMARK [2][-]{subsection.43}{\376\377\0002\000.\0005\000.\0003\000\040\000B\000r\000i\000a\000n\000\040\000E\000n\000o\000:\000\040\000u\000n\000c\000o\000n\000t\000r\000o\000l\000l\000e\000d\000\040\000v\000e\000r\000s\000u\000s\000\040\000u\000n\000i\000n\000t\000e\000n\000t\000i\000o\000n\000a\000l\000\040\000r\000e\000a\000l\000i\000z\000a\000t\000i\000o\000n\000s\000\040\000o\000f\000\040\000m\000u\000s\000i\000c}{section.31}% 26
\BOOKMARK [1][-]{section.45}{\376\377\0002\000.\0006\000\040\000E\000l\000e\000c\000r\000o\000n\000i\000c\000\040\000s\000o\000u\000n\000d\000\040\000a\000s\000\040\000c\000r\000a\000f\000t}{chapter.12}% 27
\BOOKMARK [2][-]{subsection.46}{\376\377\0002\000.\0006\000.\0001\000\040\000P\000a\000u\000l\000\040\000D\000e\000M\000a\000r\000i\000n\000i\000s}{section.45}% 28
\BOOKMARK [2][-]{subsection.48}{\376\377\0002\000.\0006\000.\0002\000\040\000N\000i\000c\000\040\000C\000o\000l\000l\000i\000n\000s\000:\000\040\000H\000a\000n\000d\000m\000a\000d\000e\000\040\000E\000l\000e\000c\000t\000r\000o\000n\000i\000c\000\040\000M\000u\000s\000i\000c}{section.45}% 29
\BOOKMARK [3][-]{section*.49}{\376\377\000t\000h\000e\000\040\000a\000r\000t\000\040\000o\000f\000\040\000h\000a\000r\000d\000w\000a\000r\000e\000\040\000h\000a\000c\000k\000i\000n\000g}{subsection.48}% 30
\BOOKMARK [4][-]{figure.caption.50}{\376\377\000i\000m\000p\000a\000c\000t}{subsection.48}% 31
\BOOKMARK [1][-]{section.51}{\376\377\0002\000.\0007\000\040\000r\000e\000-\000c\000o\000m\000m\000e\000r\000c\000i\000a\000l\000i\000z\000i\000n\000g\000\040\000d\000i\000y\000:\000\040\000t\000h\000e\000\040\000m\000a\000k\000e\000r\000\040\000m\000o\000v\000e\000m\000e\000n\000t}{chapter.12}% 32
\BOOKMARK [0][-]{chapter.52}{\376\377\0003\000\040\000S\000e\000l\000e\000c\000t\000e\000d\000\040\000R\000e\000c\000e\000n\000t\000\040\000W\000o\000r\000k\000s\000\040\000\040\000T\000h\000e\000i\000r\000\040\000A\000u\000t\000h\000o\000r\000s}{part.11}% 33
\BOOKMARK [1][-]{section.53}{\376\377\0003\000.\0001\000\040\000D\000e\000v\000i\000\040\000E\000v\000e\000r\000\040\000F\000X\000\040\000a\000n\000d\000\040\000D\000w\000a\000r\000f\000c\000r\000a\000f\000t\000\040\000D\000e\000v\000i\000c\000e\000s}{chapter.52}% 34
\BOOKMARK [2][-]{subsection.54}{\376\377\0003\000.\0001\000.\0001\000\040\000t\000h\000e\000\040\000i\000m\000p\000r\000o\000b\000a\000b\000i\000l\000i\000t\000y\000\040\000d\000r\000i\000v\000e\000\040\000\050\0002\0000\0001\0001\000\051}{section.53}% 35
\BOOKMARK [1][-]{section.57}{\376\377\0003\000.\0002\000\040\000J\000e\000s\000s\000i\000c\000a\000\040\000R\000y\000l\000a\000n\000,\000\040\000F\000l\000o\000w\000e\000r\000\040\000E\000l\000e\000c\000t\000r\000o\000n\000i\000c\000s}{chapter.52}% 36
\BOOKMARK [2][-]{subsection.58}{\376\377\0003\000.\0002\000.\0001\000\040\000t\000h\000e\000\040\000p\000e\000r\000s\000o\000n\000a\000l\000\040\000s\000y\000n\000t\000h\000\040\000\050\0002\0000\0000\0005\000\051}{section.57}% 37
\BOOKMARK [1][-]{section.62}{\376\377\0003\000.\0003\000\040\000C\000M\000O\000S\000\040\000s\000y\000n\000t\000h\000e\000s\000i\000s\000:\000\040\000m\000o\000d\000e\000r\000n\000\040\000i\000n\000c\000a\000r\000n\000a\000t\000i\000o\000n\000s}{chapter.52}% 38
\BOOKMARK [2][-]{subsection.63}{\376\377\0003\000.\0003\000.\0001\000\040\000D\000w\000a\000r\000f\000c\000r\000a\000f\000t\000:\000\040\000t\000h\000e\000\040\000R\000o\000b\000o\000t\000\040\000D\000e\000v\000i\000l\000\040\000\050\0002\0000\0001\0002\000\051}{section.62}% 39
\BOOKMARK [2][-]{subsection.64}{\376\377\0003\000.\0003\000.\0002\000\040\000T\000a\000y\000l\000a\000n\000\040\000C\000i\000h\000a\000n\000:\000\040\000P\000o\000r\000c\000u\000p\000i\000n\000e\000\040\000\050\0002\0000\0001\0003\000\051}{section.62}% 40
\BOOKMARK [1][-]{section.71}{\376\377\0003\000.\0004\000\040\000m\000i\000c\000r\000o\000c\000o\000m\000p\000u\000t\000e\000r\000\040\000s\000y\000s\000t\000e\000m\000s}{chapter.52}% 41
\BOOKMARK [2][-]{subsection.74}{\376\377\0003\000.\0004\000.\0001\000\040\000T\000r\000i\000s\000t\000a\000n\000\040\000S\000h\000o\000n\000e\000:\000\040\000A\000u\000t\000h\000o\000r\000\040\000a\000n\000d\000\040\000P\000u\000n\000i\000s\000h\000e\000r}{section.71}% 42
\BOOKMARK [3][-]{figure.caption.78}{\376\377\000T\000h\000e\000\040\000H\000e\000a\000d\000g\000e\000a\000r\000\040\000s\000y\000s\000t\000e\000m\000\040\000\050\0002\0000\0001\0001\000\051}{subsection.74}% 43
\BOOKMARK [2][-]{subsection.81}{\376\377\0003\000.\0004\000.\0002\000\040\000D\000a\000n\000\040\000S\000n\000a\000z\000e\000l\000l\000e\000,\000\040\000S\000n\000a\000z\000z\000y\000\040\000F\000X}{section.71}% 44
\BOOKMARK [3][-]{section*.82}{\376\377\000T\000h\000e\000\040\000A\000r\000d\000c\000o\000r\000e\000\040\000E\000u\000r\000o\000r\000a\000c\000k\000-\000f\000o\000r\000m\000a\000t\000\040\000m\000o\000d\000u\000l\000e\000\040\000\050\0002\0000\0001\0001\000\051}{subsection.81}% 45
\BOOKMARK [2][-]{subsection.88}{\376\377\0003\000.\0004\000.\0003\000\040\000M\000a\000r\000t\000i\000n\000\040\000H\000o\000w\000s\000e}{section.71}% 46
\BOOKMARK [3][-]{figure.caption.89}{\376\377\000t\000h\000e\000\040\000d\000a\000r\000k\000\040\000i\000n\000t\000e\000r\000p\000r\000e\000t\000e\000r\000s}{subsection.88}% 47
\BOOKMARK [2][-]{subsection.92}{\376\377\0003\000.\0004\000.\0004\000\040\000T\000r\000i\000s\000t\000a\000n\000\040\000P\000e\000r\000i\000c\000h\000,\000\040\000L\000o\000u\000d\000\040\000O\000b\000j\000e\000c\000t\000s}{section.71}% 48
\BOOKMARK [1][-]{section.93}{\376\377\0003\000.\0005\000\040\000S\000a\000n\000g\000\040\000W\000o\000o\000k\000\040\000`\000`\000S\000u\000n\000n\000y\000'\000'\000\040\000N\000a\000m\000:\000\040\000M\000a\000s\000t\000e\000r\000i\000n\000g\000\040\000S\000t\000u\000d\000i\000o}{chapter.52}% 49
\BOOKMARK [1][-]{section.95}{\376\377\0003\000.\0006\000\040\000D\000e\000s\000i\000g\000n\000\040\000c\000o\000m\000m\000e\000n\000t\000s}{chapter.52}% 50
\BOOKMARK [-1][]{part.96}{\376\377\000I\000I\000\040\000P\000r\000e\000s\000e\000n\000t}{}% 51
\BOOKMARK [0][-]{chapter.97}{\376\377\0004\000\040\000I\000n\000t\000e\000r\000v\000i\000e\000w\000s\000:\000\040\000h\000i\000g\000h\000l\000i\000g\000h\000t\000s\000\040\000a\000n\000d\000\040\000a\000n\000a\000l\000y\000s\000e\000s}{part.96}% 52
\BOOKMARK [1][-]{section.98}{\376\377\0004\000.\0001\000\040\000I\000n\000t\000e\000r\000v\000i\000e\000w\000s\000:\000\040\000m\000e\000t\000h\000o\000d\000o\000l\000o\000g\000y\000\040\000a\000n\000d\000\040\000h\000i\000g\000h\000l\000i\000g\000h\000t\000s}{chapter.97}% 53
\BOOKMARK [2][-]{subsection.99}{\376\377\0004\000.\0001\000.\0001\000\040\000T\000r\000i\000s\000t\000a\000n\000\040\000S\000h\000o\000n\000e\000:\000\040\000A\000u\000t\000h\000o\000r\000\040\000a\000n\000d\000\040\000P\000u\000n\000i\000s\000h\000e\000r}{section.98}% 54
\BOOKMARK [2][-]{subsection.100}{\376\377\0004\000.\0001\000.\0002\000\040\000L\000o\000u\000i\000s\000e\000\040\000\046\000\040\000B\000e\000n\000\040\000H\000i\000n\000z\000,\000\040\000D\000e\000v\000i\000\040\000E\000v\000e\000r\000\040\000F\000X\000\040\000a\000n\000d\000\040\000D\000w\000a\000r\000f\000c\000r\000a\000f\000t\000\040\000D\000e\000v\000i\000c\000e\000s}{section.98}% 55
\BOOKMARK [2][-]{subsection.101}{\376\377\0004\000.\0001\000.\0003\000\040\000N\000i\000c\000\040\000C\000o\000l\000l\000i\000n\000s}{section.98}% 56
\BOOKMARK [2][-]{subsection.102}{\376\377\0004\000.\0001\000.\0004\000\040\000B\000o\000n\000n\000i\000e\000\040\000J\000o\000n\000e\000s\000,\000\040\000T\000e\000c\000h\000n\000e}{section.98}% 57
\BOOKMARK [2][-]{subsection.103}{\376\377\0004\000.\0001\000.\0005\000\040\000J\000e\000s\000s\000i\000c\000a\000\040\000R\000y\000l\000a\000n\000,\000\040\000F\000l\000o\000w\000e\000r\000\040\000E\000l\000e\000c\000t\000r\000o\000n\000i\000c\000s}{section.98}% 58
\BOOKMARK [2][-]{subsection.104}{\376\377\0004\000.\0001\000.\0006\000\040\000M\000a\000r\000t\000i\000n\000\040\000H\000o\000w\000s\000e}{section.98}% 59
\BOOKMARK [2][-]{subsection.105}{\376\377\0004\000.\0001\000.\0007\000\040\000D\000a\000n\000\040\000S\000n\000a\000z\000e\000l\000l\000e\000,\000\040\000S\000n\000a\000z\000z\000y\000\040\000F\000X}{section.98}% 60
\BOOKMARK [3][-]{section*.106}{\376\377\000T\000h\000e\000\040\000g\000u\000i\000t\000a\000r\000\040\000p\000e\000d\000a\000l\000\040\000a\000s\000\040\000g\000a\000t\000e\000w\000a\000y\000\040\000t\000e\000c\000h\000n\000o\000l\000o\000g\000y}{subsection.105}% 61
\BOOKMARK [4][-]{section*.106}{\376\377\000M\000a\000k\000i\000n\000g\000\040\000t\000h\000i\000n\000g\000s\000\040\000t\000o\000\040\000m\000a\000k\000e\000\040\000m\000u\000s\000i\000c\000\040\000t\000o\000\040\000m\000a\000k\000e\000\040\000t\000h\000i\000n\000g\000s\000\040\000t\000o}{subsection.105}% 62
\BOOKMARK [4][-]{section*.106}{\376\377\000O\000n\000\040\000c\000o\000m\000m\000u\000n\000i\000t\000y\000,\000\040\000b\000u\000s\000i\000n\000e\000s\000s\000\040\000a\000n\000d\000\040\000p\000e\000e\000r\000s}{subsection.105}% 63
\BOOKMARK [2][-]{subsection.107}{\376\377\0004\000.\0001\000.\0008\000\040\000S\000u\000n\000n\000y\000\040\000N\000a\000m\000\040\000a\000n\000d\000\040\000J\000o\000s\000h\000\040\000F\000l\000o\000r\000i\000a\000n}{section.98}% 64
\BOOKMARK [0][-]{chapter.108}{\376\377\0005\000\040\000F\000u\000t\000u\000r\000e\000:\000\040\000C\000o\000n\000c\000l\000u\000s\000i\000o\000n}{part.96}% 65
\BOOKMARK [1][-]{section.109}{\376\377\0005\000.\0001\000\040\000S\000u\000m\000m\000a\000r\000y}{chapter.108}% 66
\BOOKMARK [1][-]{section.110}{\376\377\0005\000.\0002\000\040\000a\000f\000t\000e\000r\000w\000o\000r\000d}{chapter.108}% 67
\BOOKMARK [-1][]{part.111}{\376\377\000I\000I\000I\000\040\000A\000p\000p\000e\000n\000d\000i\000c\000e\000s}{}% 68
\BOOKMARK [0][-]{appendix.112}{\376\377\000A\000\040\000I\000n\000t\000e\000r\000v\000i\000e\000w\000\040\000T\000r\000a\000n\000s\000c\000r\000i\000p\000t\000s}{part.111}% 69
\BOOKMARK [1][-]{section.113}{\376\377\000A\000.\0001\000\040\000t\000r\000a\000n\000s\000c\000r\000i\000p\000t\000\040\000f\000o\000r\000\040\000i\000n\000t\000e\000r\000v\000i\000e\000w\000\040\000w\000i\000t\000h\000\040\000S\000a\000n\000g\000\040\000W\000o\000o\000k\000\040\000S\000u\000n\000n\000y\000\040\000N\000a\000m}{appendix.112}% 70
\BOOKMARK [1][-]{section.114}{\376\377\000A\000.\0002\000\040\000t\000r\000a\000n\000s\000c\000r\000i\000p\000t\000\040\000f\000o\000r\000\040\000i\000n\000t\000e\000r\000v\000i\000e\000w\000\040\000w\000i\000t\000h\000\040\000N\000i\000c\000o\000l\000a\000s\000\040\000C\000o\000l\000l\000i\000n\000s}{appendix.112}% 71
\BOOKMARK [1][-]{section.115}{\376\377\000A\000.\0003\000\040\000t\000r\000a\000n\000s\000c\000r\000i\000p\000t\000\040\000f\000o\000r\000\040\000i\000n\000t\000e\000r\000v\000i\000e\000w\000\040\000w\000i\000t\000h\000\040\000D\000a\000n\000\040\000S\000n\000a\000z\000e\000l\000l\000e\000\040\000o\000f\000\040\000S\000n\000a\000z\000z\000y\000\040\000F\000X}{appendix.112}% 72
\BOOKMARK [1][-]{section.116}{\376\377\000A\000.\0004\000\040\000t\000r\000a\000n\000s\000c\000r\000i\000p\000t\000\040\000f\000o\000r\000\040\000i\000n\000t\000e\000r\000v\000i\000e\000w\000\040\000w\000i\000t\000h\000\040\000T\000r\000i\000s\000t\000a\000n\000\040\000S\000h\000o\000n\000e\000\040\000o\000f\000\040\000A\000u\000t\000h\000o\000r\000\040\000a\000n\000d\000\040\000P\000u\000n\000i\000s\000h\000e\000r}{appendix.112}% 73
\BOOKMARK [1][-]{section.117}{\376\377\000A\000.\0005\000\040\000e\000m\000a\000i\000l\000\040\000e\000x\000c\000h\000a\000n\000g\000e\000\040\000t\000r\000a\000n\000s\000c\000r\000i\000p\000t\000\040\000f\000o\000r\000\040\000J\000o\000h\000n\000\040\000B\000e\000l\000l\000o\000n\000a}{appendix.112}% 74
\BOOKMARK [1][-]{section.118}{\376\377\000A\000.\0006\000\040\000e\000m\000a\000i\000l\000\040\000e\000x\000c\000h\000a\000n\000g\000e\000\040\000t\000r\000a\000n\000s\000c\000r\000i\000p\000t\000\040\000f\000o\000r\000\040\000L\000o\000u\000i\000s\000e\000\040\000a\000n\000d\000\040\000B\000e\000n\000\040\000H\000i\000n\000z\000\040\000o\000f\000\040\000D\000w\000a\000r\000f\000c\000r\000a\000f\000t\000\040\000a\000n\000d\000\040\000D\000e\000v\000i\000\040\000E\000v\000e\000r\000\040\000F\000X}{appendix.112}% 75
\BOOKMARK [1][-]{section.119}{\376\377\000A\000.\0007\000\040\000e\000m\000a\000i\000l\000\040\000e\000x\000c\000h\000a\000n\000g\000e\000\040\000t\000r\000a\000n\000s\000c\000r\000i\000p\000t\000\040\000f\000o\000r\000\040\000B\000o\000n\000n\000i\000e\000\040\000J\000o\000n\000e\000s}{appendix.112}% 76
\BOOKMARK [1][-]{section.120}{\376\377\000A\000.\0008\000\040\000e\000m\000a\000i\000l\000\040\000e\000x\000c\000h\000a\000n\000g\000e\000\040\000t\000r\000a\000n\000s\000c\000r\000i\000p\000t\000\040\000f\000o\000r\000\040\000M\000a\000r\000t\000i\000n\000\040\000H\000o\000w\000s\000e}{appendix.112}% 77
\BOOKMARK [1][-]{section.121}{\376\377\000A\000.\0009\000\040\000e\000m\000a\000i\000l\000\040\000e\000x\000c\000h\000a\000n\000g\000e\000\040\000t\000r\000a\000n\000s\000c\000r\000i\000p\000t\000\040\000f\000o\000r\000\040\000J\000e\000s\000s\000i\000c\000a\000\040\000R\000y\000l\000a\000n}{appendix.112}% 78
\BOOKMARK [0][-]{dummy.122}{\376\377\000B\000i\000b\000l\000i\000o\000g\000r\000a\000p\000h\000y}{part.111}% 79
