\BOOKMARK [0][-]{dummy.1}{\376\377\000A\000b\000s\000t\000r\000a\000c\000t}{}% 1
\BOOKMARK [0][-]{dummy.2}{\376\377\000A\000c\000k\000n\000o\000w\000l\000e\000d\000g\000m\000e\000n\000t\000s}{}% 2
\BOOKMARK [0][-]{dummy.4}{\376\377\000L\000i\000s\000t\000\040\000o\000f\000\040\000F\000i\000g\000u\000r\000e\000s}{}% 3
\BOOKMARK [0][-]{chapter.6}{\376\377\0001\000\040\000I\000n\000t\000r\000o\000d\000u\000c\000t\000i\000o\000n}{}% 4
\BOOKMARK [1][-]{section.7}{\376\377\0001\000.\0001\000\040\000T\000o\000w\000a\000r\000d\000\040\000a\000\040\000P\000o\000s\000t\000-\000O\000p\000t\000i\000m\000a\000l\000\040\000A\000e\000s\000t\000h\000e\000t\000i\000c}{chapter.6}% 5
\BOOKMARK [1][-]{section.8}{\376\377\0001\000.\0002\000\040\000M\000o\000t\000i\000v\000a\000t\000i\000o\000n}{chapter.6}% 6
\BOOKMARK [1][-]{section.9}{\376\377\0001\000.\0003\000\040\000S\000c\000o\000p\000e\000\040\000a\000n\000d\000\040\000S\000t\000r\000u\000c\000t\000u\000r\000e}{chapter.6}% 7
\BOOKMARK [-1][]{part.10}{\376\377\000I\000\040\000P\000a\000s\000t}{}% 8
\BOOKMARK [0][-]{chapter.11}{\376\377\0002\000\040\000A\000\040\000H\000i\000s\000t\000o\000r\000y\000\040\000o\000f\000\040\000P\000o\000s\000t\000-\000O\000p\000t\000i\000m\000a\000l\000\040\000O\000b\000j\000e\000c\000t\000s\000\040\000i\000n\000\040\000E\000l\000e\000c\000t\000r\000o\000n\000i\000c\000\040\000M\000u\000s\000i\000c}{part.10}% 9
\BOOKMARK [1][-]{section.12}{\376\377\0002\000.\0001\000\040\000E\000l\000e\000c\000t\000r\000o\000n\000i\000c\000\040\000M\000u\000s\000i\000c\000\040\000a\000s\000\040\000I\000n\000v\000e\000n\000t\000i\000o\000n}{chapter.11}% 10
\BOOKMARK [1][-]{section.15}{\376\377\0002\000.\0002\000\040\000E\000l\000e\000c\000t\000r\000o\000n\000i\000c\000\040\000M\000u\000s\000i\000c\000\040\000a\000s\000\040\000a\000n\000\040\000I\000n\000s\000t\000i\000t\000u\000t\000i\000o\000n\000a\000l\000\040\000P\000r\000a\000c\000t\000i\000c\000e}{chapter.11}% 11
\BOOKMARK [1][-]{section.20}{\376\377\0002\000.\0003\000\040\000E\000l\000e\000c\000t\000r\000o\000n\000i\000c\000\040\000M\000u\000s\000i\000c\000\040\000a\000s\000\040\000L\000i\000v\000i\000n\000g\000\040\000S\000y\000s\000t\000e\000m\000s}{chapter.11}% 12
\BOOKMARK [2][-]{subsection.22}{\376\377\0002\000.\0003\000.\0001\000\040\000V\000o\000l\000t\000a\000g\000e\000\040\000C\000o\000n\000t\000r\000o\000l}{section.20}% 13
\BOOKMARK [2][-]{subsection.26}{\376\377\0002\000.\0003\000.\0002\000\040\000C\000o\000m\000p\000o\000s\000e\000r\000s\000\040\000I\000n\000s\000i\000d\000e\000\040\000E\000l\000e\000c\000t\000r\000o\000n\000i\000c\000s}{section.20}% 14
\BOOKMARK [1][-]{section.31}{\376\377\0002\000.\0004\000\040\000E\000l\000e\000c\000t\000r\000o\000n\000i\000c\000\040\000M\000u\000s\000i\000c\000\040\000a\000s\000\040\000C\000r\000a\000f\000t\000:\000\040\000S\000i\000l\000i\000c\000o\000n\000\040\000L\000u\000t\000h\000i\000e\000r\000s}{chapter.11}% 15
\BOOKMARK [0][-]{chapter.32}{\376\377\0003\000\040\000S\000e\000l\000e\000c\000t\000e\000d\000\040\000R\000e\000c\000e\000n\000t\000\040\000W\000o\000r\000k\000s}{part.10}% 16
\BOOKMARK [1][-]{section.33}{\376\377\0003\000.\0001\000\040\000D\000e\000v\000i\000\040\000E\000v\000e\000r\000:\000\040\000D\000e\000v\000i\000\040\000E\000v\000e\000r\000\040\000F\000X}{chapter.32}% 17
\BOOKMARK [2][-]{subsection.34}{\376\377\0003\000.\0001\000.\0001\000\040\000T\000h\000e\000\040\000I\000m\000p\000r\000o\000b\000a\000b\000i\000l\000i\000t\000y\000\040\000D\000r\000i\000v\000e\000\040\000\050\0002\0000\0001\0001\000\051}{section.33}% 18
\BOOKMARK [1][-]{section.39}{\376\377\0003\000.\0002\000\040\000J\000e\000s\000s\000i\000c\000a\000\040\000R\000y\000l\000a\000n\000,\000\040\000F\000l\000o\000w\000e\000r\000\040\000E\000l\000e\000c\000t\000r\000o\000n\000i\000c\000s}{chapter.32}% 19
\BOOKMARK [2][-]{subsection.40}{\376\377\0003\000.\0002\000.\0001\000\040\000T\000h\000e\000\040\000P\000e\000r\000s\000o\000n\000a\000l\000\040\000S\000y\000n\000t\000h\000\040\000\050\0002\0000\0000\0005\000\051}{section.39}% 20
\BOOKMARK [1][-]{section.49}{\376\377\0003\000.\0003\000\040\000B\000e\000n\000\040\000H\000i\000n\000z\000:\000\040\000D\000w\000a\000r\000f\000c\000r\000a\000f\000t\000\040\000D\000e\000v\000i\000c\000e\000s}{chapter.32}% 21
\BOOKMARK [2][-]{subsection.50}{\376\377\0003\000.\0003\000.\0001\000\040\000T\000h\000e\000\040\000R\000o\000b\000o\000t\000\040\000D\000e\000v\000i\000l\000\040\000\050\0002\0000\0001\0002\000\051}{section.49}% 22
\BOOKMARK [1][-]{section.57}{\376\377\0003\000.\0004\000\040\000T\000a\000y\000l\000a\000n\000\040\000C\000i\000h\000a\000n}{chapter.32}% 23
\BOOKMARK [2][-]{subsection.58}{\376\377\0003\000.\0004\000.\0001\000\040\000P\000o\000r\000c\000u\000p\000i\000n\000e\000\040\000\050\0002\0000\0001\0003\000\051}{section.57}% 24
\BOOKMARK [1][-]{section.66}{\376\377\0003\000.\0005\000\040\000T\000r\000i\000s\000t\000a\000n\000\040\000S\000h\000o\000n\000e}{chapter.32}% 25
\BOOKMARK [2][-]{subsection.71}{\376\377\0003\000.\0005\000.\0001\000\040\000\040\000H\000e\000a\000d\000g\000e\000a\000r\000\040\000\050\0002\0000\0001\0001\000\051}{section.66}% 26
\BOOKMARK [1][-]{section.74}{\376\377\0003\000.\0006\000\040\000D\000a\000n\000\040\000S\000n\000a\000z\000e\000l\000l\000e\000:\000\040\000S\000n\000a\000z\000z\000y\000\040\000F\000X}{chapter.32}% 27
\BOOKMARK [2][-]{subsection.75}{\376\377\0003\000.\0006\000.\0001\000\040\000T\000h\000e\000\040\000A\000r\000d\000c\000o\000r\000e\000\040\000\050\0002\0000\0001\0001\000\051}{section.74}% 28
\BOOKMARK [1][-]{section.81}{\376\377\0003\000.\0007\000\040\000M\000a\000r\000t\000i\000n\000\040\000H\000o\000w\000s\000e}{chapter.32}% 29
\BOOKMARK [2][-]{subsection.82}{\376\377\0003\000.\0007\000.\0001\000\040\000T\000h\000e\000\040\000D\000a\000r\000k\000\040\000I\000n\000t\000e\000r\000p\000r\000e\000t\000e\000r\000s\000\040\000\050\0002\0000\0001\0003\000-\000o\000n\000g\000o\000i\000n\000g\000\051}{section.81}% 30
\BOOKMARK [1][-]{section.89}{\376\377\0003\000.\0008\000\040\000S\000a\000n\000g\000\040\000W\000o\000o\000k\000\040\000`\000`\000S\000u\000n\000n\000y\000'\000'\000\040\000N\000a\000m\000\040\000\046\000\040\000J\000o\000s\000h\000u\000a\000\040\000F\000l\000o\000r\000i\000a\000n\000:\000\040\000m\000a\000s\000t\000e\000r\000i\000n\000g\000\040\000s\000t\000u\000d\000i\000o}{chapter.32}% 31
\BOOKMARK [1][-]{section.91}{\376\377\0003\000.\0009\000\040\000C\000o\000m\000m\000e\000n\000t\000s}{chapter.32}% 32
\BOOKMARK [-1][]{part.92}{\376\377\000I\000I\000\040\000P\000r\000e\000s\000e\000n\000t}{}% 33
\BOOKMARK [0][-]{chapter.93}{\376\377\0004\000\040\000I\000n\000t\000e\000r\000v\000i\000e\000w\000s\000:\000\040\000h\000i\000g\000h\000l\000i\000g\000h\000t\000s\000\040\000a\000n\000d\000\040\000a\000n\000a\000l\000y\000s\000e\000s}{part.92}% 34
\BOOKMARK [1][-]{section.94}{\376\377\0004\000.\0001\000\040\000M\000e\000t\000h\000o\000d\000o\000l\000o\000g\000y}{chapter.93}% 35
\BOOKMARK [1][-]{section.95}{\376\377\0004\000.\0002\000\040\000L\000o\000u\000i\000s\000e\000\040\000a\000n\000d\000\040\000B\000e\000n\000\040\000H\000i\000n\000z}{chapter.93}% 36
\BOOKMARK [1][-]{section.96}{\376\377\0004\000.\0003\000\040\000B\000o\000n\000n\000i\000e\000\040\000J\000o\000n\000e\000s}{chapter.93}% 37
\BOOKMARK [1][-]{section.98}{\376\377\0004\000.\0004\000\040\000J\000e\000s\000s\000i\000c\000a\000\040\000R\000y\000l\000a\000n}{chapter.93}% 38
\BOOKMARK [1][-]{section.99}{\376\377\0004\000.\0005\000\040\000D\000a\000n\000\040\000S\000n\000a\000z\000e\000l\000l\000e}{chapter.93}% 39
\BOOKMARK [1][-]{section.100}{\376\377\0004\000.\0006\000\040\000N\000i\000c\000o\000l\000a\000s\000\040\000C\000o\000l\000l\000i\000n\000s}{chapter.93}% 40
\BOOKMARK [1][-]{section.101}{\376\377\0004\000.\0007\000\040\000T\000r\000i\000s\000t\000a\000n\000\040\000S\000h\000o\000n\000e}{chapter.93}% 41
\BOOKMARK [1][-]{section.102}{\376\377\0004\000.\0008\000\040\000M\000a\000r\000t\000i\000n\000\040\000H\000o\000w\000s\000e}{chapter.93}% 42
\BOOKMARK [1][-]{section.107}{\376\377\0004\000.\0009\000\040\000S\000a\000n\000g\000\040\000W\000o\000o\000k\000\040\000`\000`\000S\000u\000n\000n\000y\000'\000'\000\040\000N\000a\000m\000\040\000a\000n\000d\000\040\000J\000o\000s\000h\000u\000a\000\040\000F\000l\000o\000r\000i\000a\000n}{chapter.93}% 43
\BOOKMARK [1][-]{section.108}{\376\377\0004\000.\0001\0000\000\040\000O\000v\000e\000r\000v\000i\000e\000w}{chapter.93}% 44
\BOOKMARK [0][-]{chapter.109}{\376\377\0005\000\040\000C\000o\000n\000c\000l\000u\000s\000i\000o\000n}{part.92}% 45
\BOOKMARK [1][-]{section.110}{\376\377\0005\000.\0001\000\040\000S\000u\000m\000m\000a\000r\000y}{chapter.109}% 46
\BOOKMARK [1][-]{section.111}{\376\377\0005\000.\0002\000\040\000O\000n\000\040\000t\000h\000e\000\040\000I\000m\000p\000o\000r\000t\000a\000n\000c\000e\000\040\000o\000f\000\040\000O\000p\000e\000n\000\040\000D\000e\000s\000i\000g\000n\000\040\000P\000r\000a\000c\000t\000i\000c\000e\000s}{chapter.109}% 47
\BOOKMARK [1][-]{section.112}{\376\377\0005\000.\0003\000\040\000A\000\040\000n\000o\000t\000e\000\040\000o\000n\000\040\000d\000i\000v\000e\000r\000s\000i\000t\000y\000\040\000i\000n\000\040\000a\000u\000d\000i\000o\000\040\000e\000l\000e\000c\000t\000r\000o\000n\000i\000c\000s\000\040\000a\000n\000d\000\040\000t\000h\000i\000s\000\040\000t\000h\000e\000s\000i\000s}{chapter.109}% 48
\BOOKMARK [1][-]{section.113}{\376\377\0005\000.\0004\000\040\000P\000e\000r\000s\000p\000e\000c\000t\000i\000v\000e\000s}{chapter.109}% 49
\BOOKMARK [-1][]{part.114}{\376\377\000I\000I\000I\000\040\000A\000p\000p\000e\000n\000d\000i\000c\000e\000s}{}% 50
\BOOKMARK [0][-]{appendix.115}{\376\377\000A\000\040\000I\000n\000t\000e\000r\000v\000i\000e\000w\000\040\000T\000r\000a\000n\000s\000c\000r\000i\000p\000t\000s}{part.114}% 51
\BOOKMARK [1][-]{section.116}{\376\377\000A\000.\0001\000\040\000T\000r\000a\000n\000s\000c\000r\000i\000p\000t\000\040\000f\000o\000r\000\040\000i\000n\000t\000e\000r\000v\000i\000e\000w\000\040\000w\000i\000t\000h\000\040\000S\000a\000n\000g\000\040\000W\000o\000o\000k\000\040\000`\000`\000S\000u\000n\000n\000y\000'\000'\000\040\000N\000a\000m}{appendix.115}% 52
\BOOKMARK [1][-]{section.117}{\376\377\000A\000.\0002\000\040\000T\000r\000a\000n\000s\000c\000r\000i\000p\000t\000\040\000f\000o\000r\000\040\000i\000n\000t\000e\000r\000v\000i\000e\000w\000\040\000w\000i\000t\000h\000\040\000N\000i\000c\000o\000l\000a\000s\000\040\000C\000o\000l\000l\000i\000n\000s}{appendix.115}% 53
\BOOKMARK [1][-]{section.118}{\376\377\000A\000.\0003\000\040\000T\000r\000a\000n\000s\000c\000r\000i\000p\000t\000\040\000f\000o\000r\000\040\000i\000n\000t\000e\000r\000v\000i\000e\000w\000\040\000w\000i\000t\000h\000\040\000D\000a\000n\000\040\000S\000n\000a\000z\000e\000l\000l\000e}{appendix.115}% 54
\BOOKMARK [1][-]{section.119}{\376\377\000A\000.\0004\000\040\000T\000r\000a\000n\000s\000c\000r\000i\000p\000t\000\040\000f\000o\000r\000\040\000i\000n\000t\000e\000r\000v\000i\000e\000w\000\040\000w\000i\000t\000h\000\040\000T\000r\000i\000s\000t\000a\000n\000\040\000S\000h\000o\000n\000e}{appendix.115}% 55
\BOOKMARK [1][-]{section.120}{\376\377\000A\000.\0005\000\040\000E\000m\000a\000i\000l\000\040\000e\000x\000c\000h\000a\000n\000g\000e\000\040\000t\000r\000a\000n\000s\000c\000r\000i\000p\000t\000\040\000f\000o\000r\000\040\000L\000o\000u\000i\000s\000e\000\040\000a\000n\000d\000\040\000B\000e\000n\000\040\000H\000i\000n\000z}{appendix.115}% 56
\BOOKMARK [1][-]{section.121}{\376\377\000A\000.\0006\000\040\000E\000m\000a\000i\000l\000\040\000e\000x\000c\000h\000a\000n\000g\000e\000\040\000t\000r\000a\000n\000s\000c\000r\000i\000p\000t\000\040\000f\000o\000r\000\040\000B\000o\000n\000n\000i\000e\000\040\000J\000o\000n\000e\000s}{appendix.115}% 57
\BOOKMARK [1][-]{section.122}{\376\377\000A\000.\0007\000\040\000E\000m\000a\000i\000l\000\040\000e\000x\000c\000h\000a\000n\000g\000e\000\040\000t\000r\000a\000n\000s\000c\000r\000i\000p\000t\000\040\000f\000o\000r\000\040\000M\000a\000r\000t\000i\000n\000\040\000H\000o\000w\000s\000e}{appendix.115}% 58
\BOOKMARK [1][-]{section.123}{\376\377\000A\000.\0008\000\040\000E\000m\000a\000i\000l\000\040\000e\000x\000c\000h\000a\000n\000g\000e\000\040\000t\000r\000a\000n\000s\000c\000r\000i\000p\000t\000\040\000f\000o\000r\000\040\000J\000e\000s\000s\000i\000c\000a\000\040\000R\000y\000l\000a\000n}{appendix.115}% 59
\BOOKMARK [0][-]{dummy.124}{\376\377\000B\000i\000b\000l\000i\000o\000g\000r\000a\000p\000h\000y}{part.114}% 60
